<?xml version="1.0" encoding="UTF-8"?>
<coverage generated="1493831686035" clover="3.2.0">
  <project timestamp="1493831686035" name="All files">
    <metrics statements="59" coveredstatements="32" conditionals="4" coveredconditionals="1" methods="25" coveredmethods="9" elements="88" coveredelements="42" complexity="0" loc="59" ncloc="59" packages="4" files="7" classes="7">
      <package name="actions">
        <metrics statements="8" coveredstatements="4" conditionals="0" coveredconditionals="0" methods="2" coveredmethods="0"/>
        <file name="newsActions.js" path="/Users/andeladeveloper/Desktop/news-feed-app/app/actions/newsActions.js">
          <metrics statements="8" coveredstatements="4" conditionals="0" coveredconditionals="0" methods="2" coveredmethods="0"/>
          <line num="5" count="1" type="stmt"/>
          <line num="7" count="1" type="stmt"/>
          <line num="8" count="1" type="stmt"/>
          <line num="10" count="0" type="stmt"/>
          <line num="20" count="0" type="stmt"/>
          <line num="22" count="0" type="stmt"/>
          <line num="23" count="0" type="stmt"/>
          <line num="30" count="1" type="stmt"/>
        </file>
      </package>
      <package name="components">
        <metrics statements="32" coveredstatements="20" conditionals="2" coveredconditionals="1" methods="17" coveredmethods="8"/>
        <file name="About.jsx" path="/Users/andeladeveloper/Desktop/news-feed-app/app/components/About.jsx">
          <metrics statements="1" coveredstatements="1" conditionals="0" coveredconditionals="0" methods="1" coveredmethods="1"/>
          <line num="5" count="1" type="stmt"/>
        </file>
        <file name="Nav.jsx" path="/Users/andeladeveloper/Desktop/news-feed-app/app/components/Nav.jsx">
          <metrics statements="2" coveredstatements="2" conditionals="0" coveredconditionals="0" methods="1" coveredmethods="1"/>
          <line num="1" count="1" type="stmt"/>
          <line num="6" count="2" type="stmt"/>
        </file>
        <file name="Newsfeeds.jsx" path="/Users/andeladeveloper/Desktop/news-feed-app/app/components/Newsfeeds.jsx">
          <metrics statements="9" coveredstatements="6" conditionals="0" coveredconditionals="0" methods="6" coveredmethods="3"/>
          <line num="7" count="1" type="stmt"/>
          <line num="8" count="1" type="stmt"/>
          <line num="9" count="1" type="stmt"/>
          <line num="15" count="1" type="stmt"/>
          <line num="19" count="0" type="stmt"/>
          <line num="23" count="0" type="stmt"/>
          <line num="29" count="1" type="stmt"/>
          <line num="30" count="0" type="stmt"/>
          <line num="46" count="1" type="stmt"/>
        </file>
        <file name="Search.jsx" path="/Users/andeladeveloper/Desktop/news-feed-app/app/components/Search.jsx">
          <metrics statements="20" coveredstatements="11" conditionals="2" coveredconditionals="1" methods="9" coveredmethods="3"/>
          <line num="12" count="2" type="stmt"/>
          <line num="13" count="2" type="stmt"/>
          <line num="18" count="2" type="stmt"/>
          <line num="19" count="2" type="stmt"/>
          <line num="20" count="2" type="stmt"/>
          <line num="24" count="1" type="stmt"/>
          <line num="25" count="1" type="stmt"/>
          <line num="29" count="0" type="stmt"/>
          <line num="33" count="0" type="stmt"/>
          <line num="38" count="0" type="stmt"/>
          <line num="39" count="0" type="stmt"/>
          <line num="40" count="0" type="stmt"/>
          <line num="43" count="0" type="stmt"/>
          <line num="50" count="2" type="stmt"/>
          <line num="51" count="0" type="stmt"/>
          <line num="57" count="2" type="stmt"/>
          <line num="58" count="2" type="cond" truecount="1" falsecount="1"/>
          <line num="59" count="0" type="stmt"/>
          <line num="60" count="0" type="stmt"/>
          <line num="64" count="2" type="stmt"/>
        </file>
      </package>
      <package name="dispatcher">
        <metrics statements="1" coveredstatements="1" conditionals="0" coveredconditionals="0" methods="0" coveredmethods="0"/>
        <file name="newsDispatcher.js" path="/Users/andeladeveloper/Desktop/news-feed-app/app/dispatcher/newsDispatcher.js">
          <metrics statements="1" coveredstatements="1" conditionals="0" coveredconditionals="0" methods="0" coveredmethods="0"/>
          <line num="3" count="1" type="stmt"/>
        </file>
      </package>
      <package name="stores">
        <metrics statements="18" coveredstatements="7" conditionals="2" coveredconditionals="0" methods="6" coveredmethods="1"/>
        <file name="newsStore.js" path="/Users/andeladeveloper/Desktop/news-feed-app/app/stores/newsStore.js">
          <metrics statements="18" coveredstatements="7" conditionals="2" coveredconditionals="0" methods="6" coveredmethods="1"/>
          <line num="4" count="1" type="stmt"/>
          <line num="6" count="1" type="stmt"/>
          <line num="7" count="1" type="stmt"/>
          <line num="9" count="1" type="stmt"/>
          <line num="11" count="2" type="stmt"/>
          <line num="14" count="0" type="stmt"/>
          <line num="17" count="0" type="stmt"/>
          <line num="20" count="0" type="stmt"/>
          <line num="23" count="0" type="stmt"/>
          <line num="28" count="0" type="cond" truecount="0" falsecount="2"/>
          <line num="30" count="0" type="stmt"/>
          <line num="31" count="0" type="stmt"/>
          <line num="32" count="0" type="stmt"/>
          <line num="35" count="0" type="stmt"/>
          <line num="36" count="0" type="stmt"/>
          <line num="37" count="0" type="stmt"/>
          <line num="42" count="1" type="stmt"/>
          <line num="44" count="1" type="stmt"/>
        </file>
      </package>
    </metrics>
  </project>
</coverage>
