{"/Users/andeladeveloper/Desktop/news-feed-app/app/actions/newsActions.js": {"path":"/Users/andeladeveloper/Desktop/news-feed-app/app/actions/newsActions.js","statementMap":{"0":{"start":{"line":5,"column":18},"end":{"line":29,"column":1}},"1":{"start":{"line":7,"column":24},"end":{"line":7,"column":69}},"2":{"start":{"line":8,"column":10},"end":{"line":15,"column":12}},"3":{"start":{"line":10,"column":13},"end":{"line":13,"column":15}},"4":{"start":{"line":20,"column":25},"end":{"line":20,"column":132}},"5":{"start":{"line":22,"column":8},"end":{"line":27,"column":10}},"6":{"start":{"line":23,"column":12},"end":{"line":26,"column":15}},"7":{"start":{"line":30,"column":0},"end":{"line":30,"column":29}}},"fnMap":{"0":{"name":"(anonymous_0)","decl":{"start":{"line":8,"column":43},"end":{"line":8,"column":44}},"loc":{"start":{"line":8,"column":57},"end":{"line":15,"column":11}},"line":8},"1":{"name":"(anonymous_1)","decl":{"start":{"line":22,"column":42},"end":{"line":22,"column":43}},"loc":{"start":{"line":22,"column":56},"end":{"line":27,"column":9}},"line":22}},"branchMap":{},"s":{"0":1,"1":1,"2":1,"3":0,"4":0,"5":0,"6":0,"7":1},"f":{"0":0,"1":0},"b":{},"_coverageSchema":"332fd63041d2c1bcb487cc26dd0d5f7d97098a6c","hash":"3b40842114595563c481879f379b1e7b48087844"}
,"/Users/andeladeveloper/Desktop/news-feed-app/app/components/About.jsx": {"path":"/Users/andeladeveloper/Desktop/news-feed-app/app/components/About.jsx","statementMap":{"0":{"start":{"line":5,"column":4},"end":{"line":13,"column":6}}},"fnMap":{"0":{"name":"(anonymous_0)","decl":{"start":{"line":4,"column":2},"end":{"line":4,"column":3}},"loc":{"start":{"line":4,"column":11},"end":{"line":14,"column":3}},"line":4}},"branchMap":{},"s":{"0":1},"f":{"0":1},"b":{},"_coverageSchema":"332fd63041d2c1bcb487cc26dd0d5f7d97098a6c","hash":"3ce1b23ccdf0cacb063d424217297021977a846b"}
,"/Users/andeladeveloper/Desktop/news-feed-app/app/components/Nav.jsx": {"path":"/Users/andeladeveloper/Desktop/news-feed-app/app/components/Nav.jsx","statementMap":{"0":{"start":{"line":1,"column":12},"end":{"line":1,"column":28}},"1":{"start":{"line":6,"column":4},"end":{"line":36,"column":6}}},"fnMap":{"0":{"name":"(anonymous_0)","decl":{"start":{"line":5,"column":2},"end":{"line":5,"column":3}},"loc":{"start":{"line":5,"column":11},"end":{"line":37,"column":3}},"line":5}},"branchMap":{},"s":{"0":1,"1":2},"f":{"0":2},"b":{},"_coverageSchema":"332fd63041d2c1bcb487cc26dd0d5f7d97098a6c","hash":"220dc8ac3e4a49862917ae2f0f2ef5acdcf1c458"}
,"/Users/andeladeveloper/Desktop/news-feed-app/app/components/Newsfeeds.jsx": {"path":"/Users/andeladeveloper/Desktop/news-feed-app/app/components/Newsfeeds.jsx","statementMap":{"0":{"start":{"line":7,"column":4},"end":{"line":7,"column":17}},"1":{"start":{"line":8,"column":4},"end":{"line":8,"column":67}},"2":{"start":{"line":9,"column":4},"end":{"line":11,"column":6}},"3":{"start":{"line":15,"column":4},"end":{"line":15,"column":58}},"4":{"start":{"line":19,"column":4},"end":{"line":19,"column":61}},"5":{"start":{"line":23,"column":4},"end":{"line":25,"column":7}},"6":{"start":{"line":29,"column":22},"end":{"line":45,"column":6}},"7":{"start":{"line":30,"column":6},"end":{"line":44,"column":7}},"8":{"start":{"line":46,"column":4},"end":{"line":52,"column":6}}},"fnMap":{"0":{"name":"(anonymous_0)","decl":{"start":{"line":6,"column":2},"end":{"line":6,"column":3}},"loc":{"start":{"line":6,"column":21},"end":{"line":12,"column":3}},"line":6},"1":{"name":"(anonymous_1)","decl":{"start":{"line":14,"column":2},"end":{"line":14,"column":3}},"loc":{"start":{"line":14,"column":22},"end":{"line":16,"column":3}},"line":14},"2":{"name":"(anonymous_2)","decl":{"start":{"line":18,"column":2},"end":{"line":18,"column":3}},"loc":{"start":{"line":18,"column":25},"end":{"line":20,"column":3}},"line":18},"3":{"name":"(anonymous_3)","decl":{"start":{"line":22,"column":2},"end":{"line":22,"column":3}},"loc":{"start":{"line":22,"column":24},"end":{"line":26,"column":3}},"line":22},"4":{"name":"(anonymous_4)","decl":{"start":{"line":28,"column":2},"end":{"line":28,"column":3}},"loc":{"start":{"line":28,"column":11},"end":{"line":53,"column":3}},"line":28},"5":{"name":"(anonymous_5)","decl":{"start":{"line":29,"column":46},"end":{"line":29,"column":47}},"loc":{"start":{"line":29,"column":72},"end":{"line":45,"column":5}},"line":29}},"branchMap":{},"s":{"0":1,"1":1,"2":1,"3":1,"4":0,"5":0,"6":1,"7":0,"8":1},"f":{"0":1,"1":1,"2":0,"3":0,"4":1,"5":0},"b":{},"_coverageSchema":"332fd63041d2c1bcb487cc26dd0d5f7d97098a6c","hash":"4554e9239aa69fef88e673d327ef54d60ad960fc"}
,"/Users/andeladeveloper/Desktop/news-feed-app/app/components/Search.jsx": {"path":"/Users/andeladeveloper/Desktop/news-feed-app/app/components/Search.jsx","statementMap":{"0":{"start":{"line":12,"column":4},"end":{"line":12,"column":17}},"1":{"start":{"line":13,"column":4},"end":{"line":17,"column":6}},"2":{"start":{"line":18,"column":4},"end":{"line":18,"column":43}},"3":{"start":{"line":19,"column":4},"end":{"line":19,"column":45}},"4":{"start":{"line":20,"column":4},"end":{"line":20,"column":65}},"5":{"start":{"line":24,"column":4},"end":{"line":24,"column":32}},"6":{"start":{"line":25,"column":4},"end":{"line":25,"column":57}},"7":{"start":{"line":29,"column":4},"end":{"line":29,"column":60}},"8":{"start":{"line":33,"column":4},"end":{"line":35,"column":7}},"9":{"start":{"line":38,"column":20},"end":{"line":38,"column":51}},"10":{"start":{"line":39,"column":17},"end":{"line":39,"column":31}},"11":{"start":{"line":40,"column":4},"end":{"line":40,"column":39}},"12":{"start":{"line":43,"column":4},"end":{"line":46,"column":7}},"13":{"start":{"line":50,"column":20},"end":{"line":56,"column":6}},"14":{"start":{"line":51,"column":6},"end":{"line":55,"column":9}},"15":{"start":{"line":57,"column":21},"end":{"line":57,"column":23}},"16":{"start":{"line":58,"column":4},"end":{"line":61,"column":5}},"17":{"start":{"line":59,"column":6},"end":{"line":60,"column":60}},"18":{"start":{"line":60,"column":8},"end":{"line":60,"column":58}},"19":{"start":{"line":64,"column":4},"end":{"line":83,"column":6}}},"fnMap":{"0":{"name":"(anonymous_0)","decl":{"start":{"line":11,"column":2},"end":{"line":11,"column":3}},"loc":{"start":{"line":11,"column":21},"end":{"line":21,"column":3}},"line":11},"1":{"name":"(anonymous_1)","decl":{"start":{"line":23,"column":2},"end":{"line":23,"column":3}},"loc":{"start":{"line":23,"column":22},"end":{"line":26,"column":3}},"line":23},"2":{"name":"(anonymous_2)","decl":{"start":{"line":28,"column":2},"end":{"line":28,"column":3}},"loc":{"start":{"line":28,"column":25},"end":{"line":30,"column":3}},"line":28},"3":{"name":"(anonymous_3)","decl":{"start":{"line":32,"column":2},"end":{"line":32,"column":3}},"loc":{"start":{"line":32,"column":19},"end":{"line":36,"column":3}},"line":32},"4":{"name":"(anonymous_4)","decl":{"start":{"line":37,"column":2},"end":{"line":37,"column":3}},"loc":{"start":{"line":37,"column":13},"end":{"line":41,"column":3}},"line":37},"5":{"name":"(anonymous_5)","decl":{"start":{"line":42,"column":2},"end":{"line":42,"column":3}},"loc":{"start":{"line":42,"column":23},"end":{"line":47,"column":3}},"line":42},"6":{"name":"(anonymous_6)","decl":{"start":{"line":49,"column":2},"end":{"line":49,"column":3}},"loc":{"start":{"line":49,"column":11},"end":{"line":84,"column":3}},"line":49},"7":{"name":"(anonymous_7)","decl":{"start":{"line":50,"column":43},"end":{"line":50,"column":44}},"loc":{"start":{"line":50,"column":55},"end":{"line":56,"column":5}},"line":50},"8":{"name":"(anonymous_8)","decl":{"start":{"line":59,"column":54},"end":{"line":59,"column":55}},"loc":{"start":{"line":60,"column":8},"end":{"line":60,"column":58}},"line":60}},"branchMap":{"0":{"loc":{"start":{"line":58,"column":4},"end":{"line":61,"column":5}},"type":"if","locations":[{"start":{"line":58,"column":4},"end":{"line":61,"column":5}},{"start":{"line":58,"column":4},"end":{"line":61,"column":5}}],"line":58}},"s":{"0":2,"1":2,"2":2,"3":2,"4":2,"5":1,"6":1,"7":0,"8":0,"9":0,"10":0,"11":0,"12":0,"13":2,"14":0,"15":2,"16":2,"17":0,"18":0,"19":2},"f":{"0":2,"1":1,"2":0,"3":0,"4":0,"5":0,"6":2,"7":0,"8":0},"b":{"0":[0,2]},"_coverageSchema":"332fd63041d2c1bcb487cc26dd0d5f7d97098a6c","hash":"6195ed1d951a82084cd9a4fdcbf640f8bdfe561e"}
,"/Users/andeladeveloper/Desktop/news-feed-app/app/dispatcher/newsDispatcher.js": {"path":"/Users/andeladeveloper/Desktop/news-feed-app/app/dispatcher/newsDispatcher.js","statementMap":{"0":{"start":{"line":3,"column":19},"end":{"line":3,"column":35}}},"fnMap":{},"branchMap":{},"s":{"0":1},"f":{},"b":{},"_coverageSchema":"332fd63041d2c1bcb487cc26dd0d5f7d97098a6c","hash":"c3d3fa6997a43544f2ba014ef1677e13df7842a4"}
,"/Users/andeladeveloper/Desktop/news-feed-app/app/stores/newsStore.js": {"path":"/Users/andeladeveloper/Desktop/news-feed-app/app/stores/newsStore.js","statementMap":{"0":{"start":{"line":4,"column":22},"end":{"line":4,"column":30}},"1":{"start":{"line":6,"column":17},"end":{"line":6,"column":19}},"2":{"start":{"line":7,"column":16},"end":{"line":7,"column":18}},"3":{"start":{"line":9,"column":17},"end":{"line":25,"column":3}},"4":{"start":{"line":11,"column":9},"end":{"line":11,"column":41}},"5":{"start":{"line":14,"column":9},"end":{"line":14,"column":53}},"6":{"start":{"line":17,"column":9},"end":{"line":17,"column":33}},"7":{"start":{"line":20,"column":9},"end":{"line":20,"column":26}},"8":{"start":{"line":23,"column":9},"end":{"line":23,"column":25}},"9":{"start":{"line":28,"column":4},"end":{"line":39,"column":5}},"10":{"start":{"line":30,"column":12},"end":{"line":30,"column":45}},"11":{"start":{"line":31,"column":12},"end":{"line":31,"column":35}},"12":{"start":{"line":32,"column":12},"end":{"line":32,"column":18}},"13":{"start":{"line":35,"column":12},"end":{"line":35,"column":35}},"14":{"start":{"line":36,"column":12},"end":{"line":36,"column":35}},"15":{"start":{"line":37,"column":12},"end":{"line":37,"column":18}},"16":{"start":{"line":42,"column":1},"end":{"line":42,"column":61}},"17":{"start":{"line":44,"column":1},"end":{"line":44,"column":28}}},"fnMap":{"0":{"name":"(anonymous_0)","decl":{"start":{"line":10,"column":24},"end":{"line":10,"column":25}},"loc":{"start":{"line":10,"column":42},"end":{"line":12,"column":6}},"line":10},"1":{"name":"(anonymous_1)","decl":{"start":{"line":13,"column":27},"end":{"line":13,"column":28}},"loc":{"start":{"line":13,"column":45},"end":{"line":15,"column":6}},"line":13},"2":{"name":"(anonymous_2)","decl":{"start":{"line":16,"column":17},"end":{"line":16,"column":18}},"loc":{"start":{"line":16,"column":27},"end":{"line":18,"column":6}},"line":16},"3":{"name":"(anonymous_3)","decl":{"start":{"line":19,"column":14},"end":{"line":19,"column":15}},"loc":{"start":{"line":19,"column":24},"end":{"line":21,"column":6}},"line":19},"4":{"name":"(anonymous_4)","decl":{"start":{"line":22,"column":20},"end":{"line":22,"column":21}},"loc":{"start":{"line":22,"column":30},"end":{"line":24,"column":6}},"line":22},"5":{"name":"handleAction","decl":{"start":{"line":27,"column":10},"end":{"line":27,"column":22}},"loc":{"start":{"line":27,"column":31},"end":{"line":40,"column":2}},"line":27}},"branchMap":{"0":{"loc":{"start":{"line":28,"column":4},"end":{"line":39,"column":5}},"type":"switch","locations":[{"start":{"line":29,"column":8},"end":{"line":32,"column":18}},{"start":{"line":34,"column":9},"end":{"line":37,"column":18}}],"line":28}},"s":{"0":1,"1":1,"2":1,"3":1,"4":2,"5":0,"6":0,"7":0,"8":0,"9":0,"10":0,"11":0,"12":0,"13":0,"14":0,"15":0,"16":1,"17":1},"f":{"0":2,"1":0,"2":0,"3":0,"4":0,"5":0},"b":{"0":[0,0]},"_coverageSchema":"332fd63041d2c1bcb487cc26dd0d5f7d97098a6c","hash":"744eddee1d1b77c05693480e46ffb7dbe87bcb48"}
}
